[02-Dec-2023 18:53:43 UTC] PHP Notice:  ob_end_flush(): Failed to send buffer of zlib output compression (1) in C:\MAMP\htdocs\test\planty\wp-includes\functions.php on line 5373
[02-Dec-2023 18:53:43 UTC] PHP Notice:  ob_end_flush(): Failed to send buffer of zlib output compression (1) in C:\MAMP\htdocs\test\planty\wp-includes\functions.php on line 5373
[02-Dec-2023 18:59:20 UTC] PHP Fatal error:  Uncaught Error: Call to undefined function ob_end_flush_all() in C:\MAMP\htdocs\test\planty\wp-includes\functions.php:5373
Stack trace:
#0 C:\MAMP\htdocs\test\planty\wp-includes\class-wp-hook.php(324): wp_ob_end_flush_all('')
#1 C:\MAMP\htdocs\test\planty\wp-includes\class-wp-hook.php(348): WP_Hook->apply_filters('', Array)
#2 C:\MAMP\htdocs\test\planty\wp-includes\plugin.php(517): WP_Hook->do_action(Array)
#3 C:\MAMP\htdocs\test\planty\wp-includes\load.php(1260): do_action('shutdown')
#4 [internal function]: shutdown_action_hook()
#5 {main}
  thrown in C:\MAMP\htdocs\test\planty\wp-includes\functions.php on line 5373
[02-Dec-2023 18:59:21 UTC] PHP Fatal error:  Uncaught Error: Call to undefined function ob_end_flush_all() in C:\MAMP\htdocs\test\planty\wp-includes\functions.php:5373
Stack trace:
#0 C:\MAMP\htdocs\test\planty\wp-includes\class-wp-hook.php(324): wp_ob_end_flush_all('')
#1 C:\MAMP\htdocs\test\planty\wp-includes\class-wp-hook.php(348): WP_Hook->apply_filters('', Array)
#2 C:\MAMP\htdocs\test\planty\wp-includes\plugin.php(517): WP_Hook->do_action(Array)
#3 C:\MAMP\htdocs\test\planty\wp-includes\load.php(1260): do_action('shutdown')
#4 [internal function]: shutdown_action_hook()
#5 {main}
  thrown in C:\MAMP\htdocs\test\planty\wp-includes\functions.php on line 5373
[02-Dec-2023 19:00:12 UTC] PHP Notice:  ob_end_flush(): Failed to send buffer of zlib output compression (1) in C:\MAMP\htdocs\test\planty\wp-includes\functions.php on line 5373
[02-Dec-2023 19:00:12 UTC] PHP Notice:  ob_end_flush(): Failed to send buffer of zlib output compression (1) in C:\MAMP\htdocs\test\planty\wp-includes\functions.php on line 5373
[02-Dec-2023 19:02:33 UTC] PHP Notice:  ob_end_flush(): Failed to send buffer of zlib output compression (1) in C:\MAMP\htdocs\test\planty\wp-includes\functions.php on line 5373
[02-Dec-2023 19:02:33 UTC] PHP Notice:  ob_end_flush(): Failed to send buffer of zlib output compression (1) in C:\MAMP\htdocs\test\planty\wp-includes\functions.php on line 5373
[02-Dec-2023 19:02:40 UTC] PHP Notice:  ob_end_flush(): Failed to send buffer of zlib output compression (1) in C:\MAMP\htdocs\test\planty\wp-includes\functions.php on line 5373
[02-Dec-2023 19:02:40 UTC] PHP Notice:  ob_end_flush(): Failed to send buffer of zlib output compression (1) in C:\MAMP\htdocs\test\planty\wp-includes\functions.php on line 5373
[02-Dec-2023 19:02:47 UTC] PHP Notice:  ob_end_flush(): Failed to send buffer of zlib output compression (1) in C:\MAMP\htdocs\test\planty\wp-includes\functions.php on line 5373
[02-Dec-2023 19:02:47 UTC] PHP Notice:  ob_end_flush(): Failed to send buffer of zlib output compression (1) in C:\MAMP\htdocs\test\planty\wp-includes\functions.php on line 5373
[02-Dec-2023 19:02:53 UTC] PHP Notice:  ob_end_flush(): Failed to send buffer of zlib output compression (1) in C:\MAMP\htdocs\test\planty\wp-includes\functions.php on line 5373
[02-Dec-2023 19:02:53 UTC] PHP Notice:  ob_end_flush(): Failed to send buffer of zlib output compression (1) in C:\MAMP\htdocs\test\planty\wp-includes\functions.php on line 5373
[02-Dec-2023 21:03:11 UTC] PHP Warning:  Attempt to read property "title" on null in C:\MAMP\htdocs\test\planty\wp-includes\class-wp-customize-widgets.php on line 905
[02-Dec-2023 21:05:05 UTC] PHP Warning:  Attempt to read property "title" on null in C:\MAMP\htdocs\test\planty\wp-includes\class-wp-customize-widgets.php on line 905
[02-Dec-2023 21:08:42 UTC] PHP Warning:  Attempt to read property "title" on null in C:\MAMP\htdocs\test\planty\wp-includes\class-wp-customize-widgets.php on line 905
[02-Dec-2023 21:09:51 UTC] PHP Warning:  Attempt to read property "title" on null in C:\MAMP\htdocs\test\planty\wp-includes\class-wp-customize-widgets.php on line 905
[02-Dec-2023 21:11:08 UTC] PHP Warning:  Attempt to read property "title" on null in C:\MAMP\htdocs\test\planty\wp-includes\class-wp-customize-widgets.php on line 905
[02-Dec-2023 21:20:36 UTC] PHP Notice:  ob_end_flush(): Failed to send buffer of zlib output compression (1) in C:\MAMP\htdocs\test\planty\wp-includes\functions.php on line 5373
[02-Dec-2023 21:20:36 UTC] PHP Notice:  ob_end_flush(): Failed to send buffer of zlib output compression (1) in C:\MAMP\htdocs\test\planty\wp-includes\functions.php on line 5373
[02-Dec-2023 21:20:37 UTC] PHP Notice:  ob_end_flush(): Failed to send buffer of zlib output compression (1) in C:\MAMP\htdocs\test\planty\wp-includes\functions.php on line 5373
[02-Dec-2023 21:20:37 UTC] PHP Notice:  ob_end_flush(): Failed to send buffer of zlib output compression (1) in C:\MAMP\htdocs\test\planty\wp-includes\functions.php on line 5373
[02-Dec-2023 21:20:40 UTC] PHP Notice:  ob_end_flush(): Failed to send buffer of zlib output compression (1) in C:\MAMP\htdocs\test\planty\wp-includes\functions.php on line 5373
[02-Dec-2023 21:20:40 UTC] PHP Notice:  ob_end_flush(): Failed to send buffer of zlib output compression (1) in C:\MAMP\htdocs\test\planty\wp-includes\functions.php on line 5373
[02-Dec-2023 21:20:41 UTC] PHP Notice:  ob_end_flush(): Failed to send buffer of zlib output compression (1) in C:\MAMP\htdocs\test\planty\wp-includes\functions.php on line 5373
[02-Dec-2023 21:20:41 UTC] PHP Notice:  ob_end_flush(): Failed to send buffer of zlib output compression (1) in C:\MAMP\htdocs\test\planty\wp-includes\functions.php on line 5373
[02-Dec-2023 21:20:48 UTC] PHP Notice:  ob_end_flush(): Failed to send buffer of zlib output compression (1) in C:\MAMP\htdocs\test\planty\wp-includes\functions.php on line 5373
[02-Dec-2023 21:20:48 UTC] PHP Notice:  ob_end_flush(): Failed to send buffer of zlib output compression (1) in C:\MAMP\htdocs\test\planty\wp-includes\functions.php on line 5373
[02-Dec-2023 21:20:49 UTC] PHP Notice:  ob_end_flush(): Failed to send buffer of zlib output compression (1) in C:\MAMP\htdocs\test\planty\wp-includes\functions.php on line 5373
[02-Dec-2023 21:20:49 UTC] PHP Notice:  ob_end_flush(): Failed to send buffer of zlib output compression (1) in C:\MAMP\htdocs\test\planty\wp-includes\functions.php on line 5373
[02-Dec-2023 21:20:50 UTC] PHP Notice:  ob_end_flush(): Failed to send buffer of zlib output compression (1) in C:\MAMP\htdocs\test\planty\wp-includes\functions.php on line 5373
[02-Dec-2023 21:20:50 UTC] PHP Notice:  ob_end_flush(): Failed to send buffer of zlib output compression (1) in C:\MAMP\htdocs\test\planty\wp-includes\functions.php on line 5373
[02-Dec-2023 21:21:07 UTC] PHP Warning:  Attempt to read property "title" on null in C:\MAMP\htdocs\test\planty\wp-includes\class-wp-customize-widgets.php on line 905
[03-Dec-2023 00:23:50 UTC] PHP Parse error:  syntax error, unexpected identifier "remove_action" in C:\MAMP\htdocs\test\planty\wp-content\themes\planty\functions.php on line 17
[03-Dec-2023 00:23:50 UTC] PHP Warning:  Trying to access array offset on value of type bool in C:\MAMP\htdocs\test\planty\wp-includes\class-wp-recovery-mode-email-service.php on line 367
[03-Dec-2023 00:23:50 UTC] PHP Warning:  Trying to access array offset on value of type bool in C:\MAMP\htdocs\test\planty\wp-includes\class-wp-recovery-mode-email-service.php on line 368
[03-Dec-2023 00:23:52 UTC] PHP Parse error:  syntax error, unexpected identifier "remove_action" in C:\MAMP\htdocs\test\planty\wp-content\themes\planty\functions.php on line 17
[03-Dec-2023 00:23:56 UTC] PHP Parse error:  syntax error, unexpected identifier "remove_action" in C:\MAMP\htdocs\test\planty\wp-content\themes\planty\functions.php on line 17
[03-Dec-2023 00:24:30 UTC] PHP Parse error:  syntax error, unexpected token "}" in C:\MAMP\htdocs\test\planty\wp-content\themes\planty\functions.php on line 8
[03-Dec-2023 00:24:30 UTC] PHP Parse error:  syntax error, unexpected token "}" in C:\MAMP\htdocs\test\planty\wp-content\themes\planty\functions.php on line 8
[03-Dec-2023 00:25:40 UTC] PHP Fatal error:  Uncaught ArgumentCountError: ini_set() expects exactly 2 arguments, 0 given in C:\MAMP\htdocs\test\planty\wp-content\themes\planty\header.php:24
Stack trace:
#0 C:\MAMP\htdocs\test\planty\wp-content\themes\planty\header.php(24): ini_set()
#1 C:\MAMP\htdocs\test\planty\wp-includes\template.php(790): require_once('C:\\MAMP\\htdocs\\...')
#2 C:\MAMP\htdocs\test\planty\wp-includes\template.php(725): load_template('C:\\MAMP\\htdocs\\...', true, Array)
#3 C:\MAMP\htdocs\test\planty\wp-includes\general-template.php(48): locate_template(Array, true, true, Array)
#4 C:\MAMP\htdocs\test\planty\wp-content\themes\hello-elementor\index.php(15): get_header()
#5 C:\MAMP\htdocs\test\planty\wp-includes\template-loader.php(106): include('C:\\MAMP\\htdocs\\...')
#6 C:\MAMP\htdocs\test\planty\wp-blog-header.php(19): require_once('C:\\MAMP\\htdocs\\...')
#7 C:\MAMP\htdocs\test\planty\index.php(17): require('C:\\MAMP\\htdocs\\...')
#8 {main}
  thrown in C:\MAMP\htdocs\test\planty\wp-content\themes\planty\header.php on line 24
[03-Dec-2023 00:25:41 UTC] PHP Fatal error:  Uncaught ArgumentCountError: ini_set() expects exactly 2 arguments, 0 given in C:\MAMP\htdocs\test\planty\wp-content\themes\planty\header.php:24
Stack trace:
#0 C:\MAMP\htdocs\test\planty\wp-content\themes\planty\header.php(24): ini_set()
#1 C:\MAMP\htdocs\test\planty\wp-includes\template.php(790): require_once('C:\\MAMP\\htdocs\\...')
#2 C:\MAMP\htdocs\test\planty\wp-includes\template.php(725): load_template('C:\\MAMP\\htdocs\\...', true, Array)
#3 C:\MAMP\htdocs\test\planty\wp-includes\general-template.php(48): locate_template(Array, true, true, Array)
#4 C:\MAMP\htdocs\test\planty\wp-content\themes\hello-elementor\index.php(15): get_header()
#5 C:\MAMP\htdocs\test\planty\wp-includes\template-loader.php(106): include('C:\\MAMP\\htdocs\\...')
#6 C:\MAMP\htdocs\test\planty\wp-blog-header.php(19): require_once('C:\\MAMP\\htdocs\\...')
#7 C:\MAMP\htdocs\test\planty\index.php(17): require('C:\\MAMP\\htdocs\\...')
#8 {main}
  thrown in C:\MAMP\htdocs\test\planty\wp-content\themes\planty\header.php on line 24
[03-Dec-2023 00:26:06 UTC] PHP Fatal error:  Uncaught ArgumentCountError: ini_set() expects exactly 2 arguments, 0 given in C:\MAMP\htdocs\test\planty\wp-content\themes\planty\header.php:24
Stack trace:
#0 C:\MAMP\htdocs\test\planty\wp-content\themes\planty\header.php(24): ini_set()
#1 C:\MAMP\htdocs\test\planty\wp-includes\template.php(790): require_once('C:\\MAMP\\htdocs\\...')
#2 C:\MAMP\htdocs\test\planty\wp-includes\template.php(725): load_template('C:\\MAMP\\htdocs\\...', true, Array)
#3 C:\MAMP\htdocs\test\planty\wp-includes\general-template.php(48): locate_template(Array, true, true, Array)
#4 C:\MAMP\htdocs\test\planty\wp-content\themes\hello-elementor\index.php(15): get_header()
#5 C:\MAMP\htdocs\test\planty\wp-includes\template-loader.php(106): include('C:\\MAMP\\htdocs\\...')
#6 C:\MAMP\htdocs\test\planty\wp-blog-header.php(19): require_once('C:\\MAMP\\htdocs\\...')
#7 C:\MAMP\htdocs\test\planty\index.php(17): require('C:\\MAMP\\htdocs\\...')
#8 {main}
  thrown in C:\MAMP\htdocs\test\planty\wp-content\themes\planty\header.php on line 24
[03-Dec-2023 00:26:07 UTC] PHP Fatal error:  Uncaught ArgumentCountError: ini_set() expects exactly 2 arguments, 0 given in C:\MAMP\htdocs\test\planty\wp-content\themes\planty\header.php:24
Stack trace:
#0 C:\MAMP\htdocs\test\planty\wp-content\themes\planty\header.php(24): ini_set()
#1 C:\MAMP\htdocs\test\planty\wp-includes\template.php(790): require_once('C:\\MAMP\\htdocs\\...')
#2 C:\MAMP\htdocs\test\planty\wp-includes\template.php(725): load_template('C:\\MAMP\\htdocs\\...', true, Array)
#3 C:\MAMP\htdocs\test\planty\wp-includes\general-template.php(48): locate_template(Array, true, true, Array)
#4 C:\MAMP\htdocs\test\planty\wp-content\themes\hello-elementor\index.php(15): get_header()
#5 C:\MAMP\htdocs\test\planty\wp-includes\template-loader.php(106): include('C:\\MAMP\\htdocs\\...')
#6 C:\MAMP\htdocs\test\planty\wp-blog-header.php(19): require_once('C:\\MAMP\\htdocs\\...')
#7 C:\MAMP\htdocs\test\planty\index.php(17): require('C:\\MAMP\\htdocs\\...')
#8 {main}
  thrown in C:\MAMP\htdocs\test\planty\wp-content\themes\planty\header.php on line 24
[03-Dec-2023 00:26:48 UTC] PHP Fatal error:  Uncaught ArgumentCountError: ini_set() expects exactly 2 arguments, 0 given in C:\MAMP\htdocs\test\planty\wp-content\themes\planty\header.php:24
Stack trace:
#0 C:\MAMP\htdocs\test\planty\wp-content\themes\planty\header.php(24): ini_set()
#1 C:\MAMP\htdocs\test\planty\wp-includes\template.php(790): require_once('C:\\MAMP\\htdocs\\...')
#2 C:\MAMP\htdocs\test\planty\wp-includes\template.php(725): load_template('C:\\MAMP\\htdocs\\...', true, Array)
#3 C:\MAMP\htdocs\test\planty\wp-includes\general-template.php(48): locate_template(Array, true, true, Array)
#4 C:\MAMP\htdocs\test\planty\wp-content\themes\hello-elementor\index.php(15): get_header()
#5 C:\MAMP\htdocs\test\planty\wp-includes\template-loader.php(106): include('C:\\MAMP\\htdocs\\...')
#6 C:\MAMP\htdocs\test\planty\wp-blog-header.php(19): require_once('C:\\MAMP\\htdocs\\...')
#7 C:\MAMP\htdocs\test\planty\index.php(17): require('C:\\MAMP\\htdocs\\...')
#8 {main}
  thrown in C:\MAMP\htdocs\test\planty\wp-content\themes\planty\header.php on line 24
[03-Dec-2023 00:26:49 UTC] PHP Fatal error:  Uncaught ArgumentCountError: ini_set() expects exactly 2 arguments, 0 given in C:\MAMP\htdocs\test\planty\wp-content\themes\planty\header.php:24
Stack trace:
#0 C:\MAMP\htdocs\test\planty\wp-content\themes\planty\header.php(24): ini_set()
#1 C:\MAMP\htdocs\test\planty\wp-includes\template.php(790): require_once('C:\\MAMP\\htdocs\\...')
#2 C:\MAMP\htdocs\test\planty\wp-includes\template.php(725): load_template('C:\\MAMP\\htdocs\\...', true, Array)
#3 C:\MAMP\htdocs\test\planty\wp-includes\general-template.php(48): locate_template(Array, true, true, Array)
#4 C:\MAMP\htdocs\test\planty\wp-content\themes\hello-elementor\index.php(15): get_header()
#5 C:\MAMP\htdocs\test\planty\wp-includes\template-loader.php(106): include('C:\\MAMP\\htdocs\\...')
#6 C:\MAMP\htdocs\test\planty\wp-blog-header.php(19): require_once('C:\\MAMP\\htdocs\\...')
#7 C:\MAMP\htdocs\test\planty\index.php(17): require('C:\\MAMP\\htdocs\\...')
#8 {main}
  thrown in C:\MAMP\htdocs\test\planty\wp-content\themes\planty\header.php on line 24
[03-Dec-2023 00:26:53 UTC] PHP Fatal error:  Uncaught ArgumentCountError: ini_set() expects exactly 2 arguments, 0 given in C:\MAMP\htdocs\test\planty\wp-content\themes\planty\header.php:24
Stack trace:
#0 C:\MAMP\htdocs\test\planty\wp-content\themes\planty\header.php(24): ini_set()
#1 C:\MAMP\htdocs\test\planty\wp-includes\template.php(790): require_once('C:\\MAMP\\htdocs\\...')
#2 C:\MAMP\htdocs\test\planty\wp-includes\template.php(725): load_template('C:\\MAMP\\htdocs\\...', true, Array)
#3 C:\MAMP\htdocs\test\planty\wp-includes\general-template.php(48): locate_template(Array, true, true, Array)
#4 C:\MAMP\htdocs\test\planty\wp-content\themes\hello-elementor\index.php(15): get_header()
#5 C:\MAMP\htdocs\test\planty\wp-includes\template-loader.php(106): include('C:\\MAMP\\htdocs\\...')
#6 C:\MAMP\htdocs\test\planty\wp-blog-header.php(19): require_once('C:\\MAMP\\htdocs\\...')
#7 C:\MAMP\htdocs\test\planty\index.php(17): require('C:\\MAMP\\htdocs\\...')
#8 {main}
  thrown in C:\MAMP\htdocs\test\planty\wp-content\themes\planty\header.php on line 24
[03-Dec-2023 00:39:59 UTC] PHP Parse error:  syntax error, unexpected token "<" in C:\MAMP\htdocs\test\planty\wp-includes\functions.php on line 5375
[03-Dec-2023 00:39:59 UTC] PHP Parse error:  syntax error, unexpected token "<" in C:\MAMP\htdocs\test\planty\wp-includes\functions.php on line 5375
[03-Dec-2023 00:39:59 UTC] PHP Parse error:  syntax error, unexpected token "<" in C:\MAMP\htdocs\test\planty\wp-includes\functions.php on line 5375
[03-Dec-2023 00:39:59 UTC] PHP Parse error:  syntax error, unexpected token "<" in C:\MAMP\htdocs\test\planty\wp-includes\functions.php on line 5375
[03-Dec-2023 00:40:05 UTC] PHP Parse error:  syntax error, unexpected token "<" in C:\MAMP\htdocs\test\planty\wp-includes\functions.php on line 5375
[03-Dec-2023 00:40:05 UTC] PHP Parse error:  syntax error, unexpected token "<" in C:\MAMP\htdocs\test\planty\wp-includes\functions.php on line 5375
[03-Dec-2023 00:42:10 UTC] PHP Warning:  Attempt to read property "title" on null in C:\MAMP\htdocs\test\planty\wp-includes\class-wp-customize-widgets.php on line 905
